2020-12-16 13:24:33,129 CRIT Supervisor is running as root.  Privileges were not dropped because no user is specified in the config file.  If you intend to run as root, you can set user=root in the config file to avoid this message.
2020-12-16 13:24:33,149 INFO supervisord started with pid 1
2020-12-16 13:24:34,159 INFO spawned: 'nginx' with pid 7
2020-12-16 13:24:34,167 INFO spawned: 'php-fpm' with pid 8
2020-12-16 13:24:34,199 INFO success: nginx entered RUNNING state, process has stayed up for > than 0 seconds (startsecs)
2020-12-16 13:24:34,208 INFO success: php-fpm entered RUNNING state, process has stayed up for > than 0 seconds (startsecs)
2020-12-16 13:24:34,215 INFO exited: nginx (exit status 0; expected)
2020-12-16 13:24:34,299 INFO exited: php-fpm (exit status 0; expected)
2020-12-16 13:30:22,006 WARN received SIGTERM indicating exit request
2020-12-16 13:30:45,320 CRIT Supervisor is running as root.  Privileges were not dropped because no user is specified in the config file.  If you intend to run as root, you can set user=root in the config file to avoid this message.
2020-12-16 13:30:45,331 INFO supervisord started with pid 1
2020-12-16 13:30:46,340 INFO spawned: 'nginx' with pid 8
2020-12-16 13:30:46,350 INFO spawned: 'php-fpm' with pid 9
2020-12-16 13:30:46,375 INFO success: nginx entered RUNNING state, process has stayed up for > than 0 seconds (startsecs)
2020-12-16 13:30:46,381 INFO success: php-fpm entered RUNNING state, process has stayed up for > than 0 seconds (startsecs)
2020-12-16 13:30:46,385 INFO exited: nginx (exit status 0; expected)
2020-12-16 13:30:47,453 INFO exited: php-fpm (exit status 0; expected)
2020-12-16 13:39:04,507 WARN received SIGTERM indicating exit request
2020-12-16 13:41:53,005 CRIT Supervisor is running as root.  Privileges were not dropped because no user is specified in the config file.  If you intend to run as root, you can set user=root in the config file to avoid this message.
2020-12-16 13:41:53,011 INFO supervisord started with pid 1
2020-12-16 13:41:54,019 INFO spawned: 'nginx' with pid 9
2020-12-16 13:41:54,034 INFO spawned: 'php-fpm' with pid 10
2020-12-16 13:41:54,066 INFO success: nginx entered RUNNING state, process has stayed up for > than 0 seconds (startsecs)
2020-12-16 13:41:54,068 INFO success: php-fpm entered RUNNING state, process has stayed up for > than 0 seconds (startsecs)
2020-12-16 13:41:54,070 INFO exited: nginx (exit status 0; expected)
2020-12-16 13:41:54,147 INFO exited: php-fpm (exit status 0; expected)
2020-12-16 13:42:03,140 WARN received SIGTERM indicating exit request
2020-12-16 13:42:42,128 CRIT Supervisor is running as root.  Privileges were not dropped because no user is specified in the config file.  If you intend to run as root, you can set user=root in the config file to avoid this message.
2020-12-16 13:42:42,141 INFO supervisord started with pid 1
2020-12-16 13:42:43,146 INFO spawned: 'nginx' with pid 9
2020-12-16 13:42:43,152 INFO spawned: 'php-fpm' with pid 10
2020-12-16 13:42:43,180 INFO success: nginx entered RUNNING state, process has stayed up for > than 0 seconds (startsecs)
2020-12-16 13:42:43,182 INFO success: php-fpm entered RUNNING state, process has stayed up for > than 0 seconds (startsecs)
2020-12-16 13:42:43,185 INFO exited: nginx (exit status 0; expected)
2020-12-16 13:42:44,249 INFO exited: php-fpm (exit status 0; expected)
2020-12-16 13:43:08,285 WARN received SIGTERM indicating exit request
2020-12-16 13:43:15,705 CRIT Supervisor is running as root.  Privileges were not dropped because no user is specified in the config file.  If you intend to run as root, you can set user=root in the config file to avoid this message.
2020-12-16 13:43:15,720 INFO supervisord started with pid 1
2020-12-16 13:43:16,728 INFO spawned: 'nginx' with pid 9
2020-12-16 13:43:16,735 INFO spawned: 'php-fpm' with pid 10
2020-12-16 13:43:16,823 INFO success: nginx entered RUNNING state, process has stayed up for > than 0 seconds (startsecs)
2020-12-16 13:43:16,825 INFO success: php-fpm entered RUNNING state, process has stayed up for > than 0 seconds (startsecs)
2020-12-16 13:43:16,828 INFO exited: nginx (exit status 0; expected)
2020-12-16 13:43:18,176 INFO exited: php-fpm (exit status 0; expected)
2020-12-16 13:46:26,222 WARN received SIGTERM indicating exit request
2020-12-16 14:22:19,933 CRIT Supervisor is running as root.  Privileges were not dropped because no user is specified in the config file.  If you intend to run as root, you can set user=root in the config file to avoid this message.
2020-12-16 14:22:19,945 INFO supervisord started with pid 1
2020-12-16 14:22:20,953 INFO spawned: 'nginx' with pid 8
2020-12-16 14:22:20,960 INFO spawned: 'php-fpm' with pid 9
2020-12-16 14:22:20,974 INFO success: nginx entered RUNNING state, process has stayed up for > than 0 seconds (startsecs)
2020-12-16 14:22:20,977 INFO success: php-fpm entered RUNNING state, process has stayed up for > than 0 seconds (startsecs)
2020-12-16 14:22:20,979 INFO exited: nginx (exit status 0; expected)
2020-12-16 14:22:22,045 INFO exited: php-fpm (exit status 0; expected)
2020-12-16 14:24:37,593 WARN received SIGTERM indicating exit request
2020-12-16 14:28:24,181 CRIT Supervisor is running as root.  Privileges were not dropped because no user is specified in the config file.  If you intend to run as root, you can set user=root in the config file to avoid this message.
2020-12-16 14:28:24,187 INFO supervisord started with pid 1
2020-12-16 14:28:25,192 INFO spawned: 'nginx' with pid 8
2020-12-16 14:28:25,200 INFO spawned: 'php-fpm' with pid 9
2020-12-16 14:28:25,789 INFO success: nginx entered RUNNING state, process has stayed up for > than 0 seconds (startsecs)
2020-12-16 14:28:25,793 INFO success: php-fpm entered RUNNING state, process has stayed up for > than 0 seconds (startsecs)
2020-12-16 14:28:25,795 INFO exited: nginx (exit status 0; expected)
2020-12-16 14:28:26,545 INFO exited: php-fpm (exit status 0; expected)
2020-12-16 14:30:16,771 WARN received SIGTERM indicating exit request
2020-12-16 15:07:21,355 CRIT Supervisor is running as root.  Privileges were not dropped because no user is specified in the config file.  If you intend to run as root, you can set user=root in the config file to avoid this message.
2020-12-16 15:07:21,374 INFO supervisord started with pid 1
2020-12-16 15:07:22,382 INFO spawned: 'nginx' with pid 9
2020-12-16 15:07:22,388 INFO spawned: 'php-fpm' with pid 10
2020-12-16 15:07:22,420 INFO success: nginx entered RUNNING state, process has stayed up for > than 0 seconds (startsecs)
2020-12-16 15:07:22,422 INFO success: php-fpm entered RUNNING state, process has stayed up for > than 0 seconds (startsecs)
2020-12-16 15:07:22,426 INFO exited: nginx (exit status 0; expected)
2020-12-16 15:07:23,529 INFO exited: php-fpm (exit status 0; expected)
2020-12-16 15:14:12,841 WARN received SIGTERM indicating exit request
2020-12-16 15:15:04,764 CRIT Supervisor is running as root.  Privileges were not dropped because no user is specified in the config file.  If you intend to run as root, you can set user=root in the config file to avoid this message.
2020-12-16 15:15:04,782 INFO supervisord started with pid 1
2020-12-16 15:15:05,790 INFO spawned: 'nginx' with pid 8
2020-12-16 15:15:05,795 INFO spawned: 'php-fpm' with pid 9
2020-12-16 15:15:05,859 INFO success: nginx entered RUNNING state, process has stayed up for > than 0 seconds (startsecs)
2020-12-16 15:15:05,863 INFO success: php-fpm entered RUNNING state, process has stayed up for > than 0 seconds (startsecs)
2020-12-16 15:15:05,871 INFO exited: nginx (exit status 0; expected)
2020-12-16 15:15:05,923 INFO exited: php-fpm (exit status 0; expected)
2020-12-16 15:44:19,530 WARN received SIGTERM indicating exit request
2020-12-16 15:44:56,461 CRIT Supervisor is running as root.  Privileges were not dropped because no user is specified in the config file.  If you intend to run as root, you can set user=root in the config file to avoid this message.
2020-12-16 15:44:56,475 INFO supervisord started with pid 1
2020-12-16 15:44:57,483 INFO spawned: 'nginx' with pid 9
2020-12-16 15:44:57,492 INFO spawned: 'php-fpm' with pid 10
2020-12-16 15:44:57,512 INFO success: nginx entered RUNNING state, process has stayed up for > than 0 seconds (startsecs)
2020-12-16 15:44:57,514 INFO success: php-fpm entered RUNNING state, process has stayed up for > than 0 seconds (startsecs)
2020-12-16 15:44:57,516 INFO exited: nginx (exit status 0; expected)
2020-12-16 15:44:58,573 INFO exited: php-fpm (exit status 0; expected)
2020-12-16 16:04:35,101 CRIT Supervisor is running as root.  Privileges were not dropped because no user is specified in the config file.  If you intend to run as root, you can set user=root in the config file to avoid this message.
2020-12-16 16:04:35,139 INFO supervisord started with pid 1
2020-12-16 16:04:36,147 INFO spawned: 'nginx' with pid 10
2020-12-16 16:04:36,154 INFO spawned: 'php-fpm' with pid 11
2020-12-16 16:04:36,232 INFO success: nginx entered RUNNING state, process has stayed up for > than 0 seconds (startsecs)
2020-12-16 16:04:36,235 INFO success: php-fpm entered RUNNING state, process has stayed up for > than 0 seconds (startsecs)
2020-12-16 16:04:36,239 INFO exited: nginx (exit status 0; expected)
2020-12-16 16:04:36,307 INFO exited: php-fpm (exit status 0; expected)
2020-12-17 08:05:03,455 CRIT Supervisor is running as root.  Privileges were not dropped because no user is specified in the config file.  If you intend to run as root, you can set user=root in the config file to avoid this message.
2020-12-17 08:05:03,469 INFO supervisord started with pid 1
2020-12-17 08:05:04,476 INFO spawned: 'nginx' with pid 8
2020-12-17 08:05:04,484 INFO spawned: 'php-fpm' with pid 9
2020-12-17 08:05:04,555 INFO success: nginx entered RUNNING state, process has stayed up for > than 0 seconds (startsecs)
2020-12-17 08:05:04,557 INFO success: php-fpm entered RUNNING state, process has stayed up for > than 0 seconds (startsecs)
2020-12-17 08:05:04,560 INFO exited: nginx (exit status 0; expected)
2020-12-17 08:05:04,718 INFO exited: php-fpm (exit status 0; expected)
2020-12-17 08:14:58,028 WARN received SIGTERM indicating exit request
2020-12-17 08:16:36,255 CRIT Supervisor is running as root.  Privileges were not dropped because no user is specified in the config file.  If you intend to run as root, you can set user=root in the config file to avoid this message.
2020-12-17 08:16:36,265 INFO supervisord started with pid 1
2020-12-17 08:16:37,270 INFO spawned: 'nginx' with pid 8
2020-12-17 08:16:37,279 INFO spawned: 'php-fpm' with pid 9
2020-12-17 08:16:37,335 INFO success: nginx entered RUNNING state, process has stayed up for > than 0 seconds (startsecs)
2020-12-17 08:16:37,338 INFO success: php-fpm entered RUNNING state, process has stayed up for > than 0 seconds (startsecs)
2020-12-17 08:16:37,343 INFO exited: nginx (exit status 0; expected)
2020-12-17 08:16:38,412 INFO exited: php-fpm (exit status 0; expected)
2020-12-17 08:24:56,353 WARN received SIGTERM indicating exit request
2020-12-17 08:37:01,597 CRIT Supervisor is running as root.  Privileges were not dropped because no user is specified in the config file.  If you intend to run as root, you can set user=root in the config file to avoid this message.
2020-12-17 08:37:01,609 INFO supervisord started with pid 1
2020-12-17 08:37:02,614 INFO spawned: 'nginx' with pid 10
2020-12-17 08:37:02,625 INFO spawned: 'php-fpm' with pid 11
2020-12-17 08:37:02,699 INFO success: nginx entered RUNNING state, process has stayed up for > than 0 seconds (startsecs)
2020-12-17 08:37:02,705 INFO success: php-fpm entered RUNNING state, process has stayed up for > than 0 seconds (startsecs)
2020-12-17 08:37:02,708 INFO exited: nginx (exit status 0; expected)
2020-12-17 08:37:03,972 INFO exited: php-fpm (exit status 0; expected)
2020-12-17 08:43:49,674 WARN received SIGTERM indicating exit request
2020-12-17 08:48:37,070 CRIT Supervisor is running as root.  Privileges were not dropped because no user is specified in the config file.  If you intend to run as root, you can set user=root in the config file to avoid this message.
2020-12-17 08:48:37,086 INFO supervisord started with pid 1
2020-12-17 08:48:38,095 INFO spawned: 'nginx' with pid 8
2020-12-17 08:48:38,114 INFO spawned: 'php-fpm' with pid 9
2020-12-17 08:48:39,101 INFO success: nginx entered RUNNING state, process has stayed up for > than 0 seconds (startsecs)
2020-12-17 08:48:39,104 INFO success: php-fpm entered RUNNING state, process has stayed up for > than 0 seconds (startsecs)
2020-12-17 08:48:39,979 INFO exited: nginx (exit status 0; expected)
2020-12-17 08:48:40,125 INFO exited: php-fpm (exit status 0; expected)
2020-12-17 09:18:00,483 WARN received SIGTERM indicating exit request
2020-12-17 09:22:49,627 CRIT Supervisor is running as root.  Privileges were not dropped because no user is specified in the config file.  If you intend to run as root, you can set user=root in the config file to avoid this message.
2020-12-17 09:22:49,646 INFO supervisord started with pid 1
2020-12-17 09:22:50,652 INFO spawned: 'nginx' with pid 8
2020-12-17 09:22:50,657 INFO spawned: 'php-fpm' with pid 9
2020-12-17 09:22:50,783 INFO success: nginx entered RUNNING state, process has stayed up for > than 0 seconds (startsecs)
2020-12-17 09:22:50,788 INFO success: php-fpm entered RUNNING state, process has stayed up for > than 0 seconds (startsecs)
2020-12-17 09:22:50,797 INFO exited: nginx (exit status 0; expected)
2020-12-17 09:22:50,958 INFO exited: php-fpm (exit status 0; expected)
2020-12-17 09:44:19,481 WARN received SIGTERM indicating exit request
2020-12-17 13:06:19,185 CRIT Supervisor is running as root.  Privileges were not dropped because no user is specified in the config file.  If you intend to run as root, you can set user=root in the config file to avoid this message.
2020-12-17 13:06:19,194 INFO supervisord started with pid 1
2020-12-17 13:06:20,203 INFO spawned: 'nginx' with pid 9
2020-12-17 13:06:20,206 INFO spawned: 'php-fpm' with pid 10
2020-12-17 13:06:20,234 INFO success: nginx entered RUNNING state, process has stayed up for > than 0 seconds (startsecs)
2020-12-17 13:06:20,236 INFO success: php-fpm entered RUNNING state, process has stayed up for > than 0 seconds (startsecs)
2020-12-17 13:06:20,245 INFO exited: nginx (exit status 0; expected)
2020-12-17 13:06:20,337 INFO exited: php-fpm (exit status 0; expected)
